2019-09-18 10:26:14,156 INFO projek.main.SpringBootRest2Application [main] Starting SpringBootRest2Application on Andrey with PID 26029 (/Users/andreychristian/Downloads/P01/target/classes started by andreychristian in /Users/andreychristian/Downloads/P01)
2019-09-18 10:26:14,161 DEBUG projek.main.SpringBootRest2Application [main] Running with Spring Boot v2.0.5.BUILD-SNAPSHOT, Spring v5.0.9.RELEASE
2019-09-18 10:26:14,163 INFO projek.main.SpringBootRest2Application [main] The following profiles are active: @spring.profiles.active@
2019-09-18 10:26:18,332 INFO projek.main.SpringBootRest2Application [main] Started SpringBootRest2Application in 5.07 seconds (JVM running for 8.435)
2019-09-18 10:31:50,091 INFO projek.main.SpringBootRest2Application [main] Starting SpringBootRest2Application on Andrey with PID 27073 (/Users/andreychristian/Downloads/P01/target/classes started by andreychristian in /Users/andreychristian/Downloads/P01)
2019-09-18 10:31:50,096 DEBUG projek.main.SpringBootRest2Application [main] Running with Spring Boot v2.0.5.BUILD-SNAPSHOT, Spring v5.0.9.RELEASE
2019-09-18 10:31:50,098 INFO projek.main.SpringBootRest2Application [main] The following profiles are active: @spring.profiles.active@
2019-09-18 10:31:54,369 INFO projek.main.SpringBootRest2Application [main] Started SpringBootRest2Application in 5.17 seconds (JVM running for 7.813)
2019-09-18 10:36:07,549 INFO projek.main.SpringBootRest2Application [main] Starting SpringBootRest2Application on Andrey with PID 27895 (/Users/andreychristian/Downloads/P01/target/classes started by andreychristian in /Users/andreychristian/Downloads/P01)
2019-09-18 10:36:07,554 DEBUG projek.main.SpringBootRest2Application [main] Running with Spring Boot v2.0.5.BUILD-SNAPSHOT, Spring v5.0.9.RELEASE
2019-09-18 10:36:07,556 INFO projek.main.SpringBootRest2Application [main] The following profiles are active: @spring.profiles.active@
2019-09-18 10:36:09,418 INFO projek.main.SpringBootRest2Application [main] Started SpringBootRest2Application in 2.121 seconds (JVM running for 3.855)
2019-09-18 10:39:29,059 INFO projek.main.SpringBootRest2Application [main] Starting SpringBootRest2Application on Andrey with PID 28533 (/Users/andreychristian/Downloads/P01/target/classes started by andreychristian in /Users/andreychristian/Downloads/P01)
2019-09-18 10:39:29,061 DEBUG projek.main.SpringBootRest2Application [main] Running with Spring Boot v2.0.5.BUILD-SNAPSHOT, Spring v5.0.9.RELEASE
2019-09-18 10:39:29,063 INFO projek.main.SpringBootRest2Application [main] The following profiles are active: @spring.profiles.active@
2019-09-18 10:39:30,874 INFO projek.main.SpringBootRest2Application [main] Started SpringBootRest2Application in 2.055 seconds (JVM running for 3.746)
2019-09-18 10:40:03,816 INFO projek.main.SpringBootRest2Application [main] Starting SpringBootRest2Application on Andrey with PID 28642 (/Users/andreychristian/Downloads/P01/target/classes started by andreychristian in /Users/andreychristian/Downloads/P01)
2019-09-18 10:40:03,822 DEBUG projek.main.SpringBootRest2Application [main] Running with Spring Boot v2.0.5.BUILD-SNAPSHOT, Spring v5.0.9.RELEASE
2019-09-18 10:40:03,823 INFO projek.main.SpringBootRest2Application [main] The following profiles are active: @spring.profiles.active@
2019-09-18 10:40:05,556 INFO projek.main.SpringBootRest2Application [main] Started SpringBootRest2Application in 2.126 seconds (JVM running for 2.933)
2019-09-18 10:40:23,108 INFO projek.main.SpringBootRest2Application [main] Starting SpringBootRest2Application on Andrey with PID 28710 (/Users/andreychristian/Downloads/P01/target/classes started by andreychristian in /Users/andreychristian/Downloads/P01)
2019-09-18 10:40:23,115 DEBUG projek.main.SpringBootRest2Application [main] Running with Spring Boot v2.0.5.BUILD-SNAPSHOT, Spring v5.0.9.RELEASE
2019-09-18 10:40:23,116 INFO projek.main.SpringBootRest2Application [main] The following profiles are active: @spring.profiles.active@
2019-09-18 10:40:25,514 INFO projek.main.SpringBootRest2Application [main] Started SpringBootRest2Application in 3.152 seconds (JVM running for 4.225)
2019-09-18 10:40:31,053 INFO projek.main.SpringBootRest2Application [main] Starting SpringBootRest2Application on Andrey with PID 28735 (/Users/andreychristian/Downloads/P01/target/classes started by andreychristian in /Users/andreychristian/Downloads/P01)
2019-09-18 10:40:31,055 DEBUG projek.main.SpringBootRest2Application [main] Running with Spring Boot v2.0.5.BUILD-SNAPSHOT, Spring v5.0.9.RELEASE
2019-09-18 10:40:31,056 INFO projek.main.SpringBootRest2Application [main] The following profiles are active: @spring.profiles.active@
2019-09-18 10:40:33,221 INFO projek.main.SpringBootRest2Application [main] Started SpringBootRest2Application in 2.412 seconds (JVM running for 4.271)
2019-09-18 10:41:03,580 INFO projek.client.controller.ActionController [main] Build ISO Message for Cash Withdrawal
2019-09-18 10:41:04,260 INFO projek.client.controller.ActionController [http-nio-8086-exec-3] Cash Withdrawal : 123456 trying cash withdraw 000000050000, balance 1867000
2019-09-18 10:42:10,516 INFO projek.client.controller.ActionController [main] Build ISO Message for Balance Inquiry
2019-09-18 10:42:10,594 INFO projek.client.controller.ActionController [http-nio-8086-exec-7] Balance inquiry : 123456 with balance 1817000
2019-09-18 10:43:10,029 INFO projek.client.controller.ActionController [main] Build ISO Message for Purchase Inquiry PLN
2019-09-18 10:43:10,030 INFO projek.client.controller.ActionController [main] Try Post data to Server http://localhost:8086/account/123456/purchase_inquiry/PLN
2019-09-18 10:43:10,071 INFO projek.client.controller.ActionController [http-nio-8086-exec-8] Payment Inquiry PLN : 123456 trying transfer to 09828272 amount 000000100000
2019-09-18 10:43:38,153 INFO projek.client.controller.ActionController [main] Build ISO Message for Purchase Inquiry PLN
2019-09-18 10:43:38,154 INFO projek.client.controller.ActionController [main] Try Post data to Server http://localhost:8086/account/123456/purchase_inquiry/PLN
2019-09-18 10:43:38,190 INFO projek.client.controller.ActionController [http-nio-8086-exec-1] Payment Inquiry PLN : 123456 trying transfer to 09828272 amount 000000100000
2019-09-18 10:43:38,235 INFO projek.client.controller.ActionController [http-nio-8086-exec-5] Payment Inquiry PLN : 123456 trying transfer to 09828272 amount 000000100000
2019-09-18 10:43:38,265 INFO projek.client.controller.ActionController [main] Build ISO Message for Purchase PLN
2019-09-18 10:43:38,267 INFO projek.client.controller.ActionController [main] Try Post data to Server http://localhost:8086/account/123456/purchase/PLN
2019-09-18 10:43:38,329 INFO projek.client.controller.ActionController [http-nio-8086-exec-6] Payment PLN : 123456 trying transfer to 09828272 amount 000000100000
2019-09-18 10:44:50,646 INFO projek.client.controller.ActionController [main] Build ISO Message for Purchase Inquiry PLN
2019-09-18 10:44:50,743 INFO projek.client.controller.ActionController [main] Try Post data to Server http://localhost:8086/account/123456/purchase_inquiry/PLN
2019-09-18 10:44:50,805 INFO projek.client.controller.ActionController [http-nio-8086-exec-9] Payment Inquiry PLN : 123456 trying transfer to 09828272 amount 000000050000
2019-09-18 10:44:53,161 INFO projek.client.controller.ActionController [main] Build ISO Message for Purchase Inquiry PLN
2019-09-18 10:44:53,163 INFO projek.client.controller.ActionController [main] Try Post data to Server http://localhost:8086/account/123456/purchase_inquiry/PLN
2019-09-18 10:44:53,209 INFO projek.client.controller.ActionController [http-nio-8086-exec-1] Payment Inquiry PLN : 123456 trying transfer to 09828272 amount 000000050000
2019-09-18 10:44:53,256 INFO projek.client.controller.ActionController [http-nio-8086-exec-5] Payment Inquiry PLN : 123456 trying transfer to 09828272 amount 000000050000
2019-09-18 10:44:53,273 INFO projek.client.controller.ActionController [main] Build ISO Message for Purchase PLN
2019-09-18 10:44:53,274 INFO projek.client.controller.ActionController [main] Try Post data to Server http://localhost:8086/account/123456/purchase/PLN
2019-09-18 10:44:53,349 INFO projek.client.controller.ActionController [http-nio-8086-exec-6] Payment PLN : 123456 trying transfer to 09828272 amount 000000050000
2019-09-18 10:44:59,813 INFO projek.client.controller.ActionController [main] Build ISO Message for Balance Inquiry
2019-09-18 10:44:59,842 INFO projek.client.controller.ActionController [http-nio-8086-exec-10] Balance inquiry : 123456 with balance 1667000
2019-09-18 10:45:40,688 INFO projek.client.controller.ActionController [main] Build ISO Message for Payment Inquiry PDAM
2019-09-18 10:45:40,689 INFO projek.client.controller.ActionController [main] Try Post data to Server http://localhost:8086/account/123456/payment_inquiry/PAM
2019-09-18 10:45:40,725 INFO projek.client.controller.ActionController [http-nio-8086-exec-1] Payment Inquiry PDAM : 123456 trying transfer to 09887766 amount 000000010000
2019-09-18 10:45:55,203 INFO projek.client.controller.ActionController [main] Build ISO Message for Payment Inquiry PDAM
2019-09-18 10:45:55,205 INFO projek.client.controller.ActionController [main] Try Post data to Server http://localhost:8086/account/123456/payment_inquiry/PAM
2019-09-18 10:45:55,245 INFO projek.client.controller.ActionController [http-nio-8086-exec-4] Payment Inquiry PDAM : 123456 trying transfer to 09887766 amount 000000010000
2019-09-18 10:45:55,289 INFO projek.client.controller.ActionController [http-nio-8086-exec-8] Payment Inquiry PDAM : 123456 trying transfer to 09887766 amount 000000010000
2019-09-18 10:45:55,300 INFO projek.client.controller.ActionController [main] Build ISO Message for Payment PDAM
2019-09-18 10:45:55,301 INFO projek.client.controller.ActionController [main] Try Post data to Server http://localhost:8086/account/123456/payment/PAM
2019-09-18 10:45:55,353 INFO projek.client.controller.ActionController [http-nio-8086-exec-9] Payment PDAM : 123456 trying transfer to 09887766 amount 000000010000
2019-09-18 10:46:26,709 INFO projek.client.controller.ActionController [main] Build ISO Message for Balance Inquiry
2019-09-18 10:46:26,747 INFO projek.client.controller.ActionController [http-nio-8086-exec-3] Balance inquiry : 123456 with balance 1657000
2019-09-18 10:47:21,047 INFO projek.client.controller.ActionController [main] Build ISO Message for Transfer Inquiry Same bank
2019-09-18 10:47:21,050 INFO projek.client.controller.ActionController [main] Try Post data to Server http://localhost:8086/account/123456/transfer_inquiry
2019-09-18 10:47:21,080 INFO projek.client.controller.ActionController [http-nio-8086-exec-5] Transfer Inquiry : 123456 trying transfer to 1234567 amount 000000020000
2019-09-18 10:47:21,111 INFO projek.client.controller.ActionController [http-nio-8086-exec-9] Transfer Inquiry : 123456 trying transfer to 1234567 amount 000000020000
2019-09-18 10:47:52,397 INFO projek.client.controller.ActionController [main] Build ISO Message for Transfer Inquiry Same bank
2019-09-18 10:47:52,398 INFO projek.client.controller.ActionController [main] Try Post data to Server http://localhost:8086/account/123456/transfer_inquiry
2019-09-18 10:47:52,439 INFO projek.client.controller.ActionController [http-nio-8086-exec-1] Transfer Inquiry : 123456 trying transfer to 1234567 amount 000000020000
2019-09-18 10:47:52,482 INFO projek.client.controller.ActionController [http-nio-8086-exec-5] Transfer Inquiry : 123456 trying transfer to 1234567 amount 000000020000
2019-09-18 10:47:52,489 INFO projek.client.controller.ActionController [main] Build ISO Message for Transfer Same bank
2019-09-18 10:47:52,491 INFO projek.client.controller.ActionController [main] Try Post data to Server http://localhost:8086/account/123456/transfer
2019-09-18 10:47:52,534 INFO projek.client.controller.ActionController [http-nio-8086-exec-7] Transfer Response : 123456 trying transfer to 1234567 amount 000000020000
2019-09-18 10:48:32,706 INFO projek.client.controller.ActionController [main] Build ISO Message for Balance Inquiry
2019-09-18 10:48:32,735 INFO projek.client.controller.ActionController [http-nio-8086-exec-1] Balance inquiry : 123456 with balance 1637000
2019-09-18 10:49:18,808 INFO projek.client.controller.ActionController [main] Build ISO Message for Transfer Switching
2019-09-18 10:49:18,809 INFO projek.client.controller.ActionController [main] Try Post data to Server http://localhost:8089/switching/account/123456/transfer_inquiry
2019-09-18 10:49:19,016 INFO projek.client.controller.ActionController [main] Build ISO Message for Transfer Switching
2019-09-18 10:49:19,017 INFO projek.client.controller.ActionController [main] Try Post data to Server http://localhost:8089/switching/account/123456/transfer_inquiry
2019-09-18 10:49:27,285 INFO projek.client.controller.ActionController [main] Try Post data to Server http://localhost:8089/switching/account/123456/transfer
2019-09-18 10:49:27,332 INFO projek.client.controller.ActionController [main] Try to set Issuer Amount 
2019-09-18 10:50:25,309 INFO projek.client.controller.ActionController [main] Build ISO Message for Balance Inquiry
2019-09-18 10:50:25,335 INFO projek.client.controller.ActionController [http-nio-8086-exec-8] Balance inquiry : 123456 with balance 1601500
2019-09-18 11:29:52,138 INFO projek.client.controller.ActionController [main] Build ISO Message for Balance Inquiry
2019-09-18 11:29:52,352 INFO projek.client.controller.ActionController [http-nio-8086-exec-2] Balance inquiry : 123456 with balance 1601500
2019-09-18 11:30:03,835 INFO projek.client.controller.ActionController [main] Build ISO Message for Cash Withdrawal
2019-09-18 11:30:03,899 INFO projek.client.controller.ActionController [http-nio-8086-exec-6] Cash Withdrawal : 123456 trying cash withdraw 000000200000, balance 1601500
2019-09-18 11:30:16,443 INFO projek.client.controller.ActionController [main] Build ISO Message for Balance Inquiry
2019-09-18 11:30:16,487 INFO projek.client.controller.ActionController [http-nio-8086-exec-9] Balance inquiry : 123456 with balance 1401500
2019-09-18 13:23:20,355 INFO projek.client.controller.ActionController [main] Build ISO Message for Balance Inquiry
2019-09-18 13:23:20,683 INFO projek.client.controller.ActionController [http-nio-8086-exec-4] Balance inquiry : 123456 with balance 1401500
2019-09-18 13:23:33,096 INFO projek.client.controller.ActionController [main] Build ISO Message for Cash Withdrawal
2019-09-18 13:23:33,165 INFO projek.client.controller.ActionController [http-nio-8086-exec-7] Cash Withdrawal : 123456 trying cash withdraw 000000100000, balance 1401500
2019-09-18 13:23:38,972 INFO projek.client.controller.ActionController [main] Build ISO Message for Balance Inquiry
2019-09-18 13:23:39,035 INFO projek.client.controller.ActionController [http-nio-8086-exec-10] Balance inquiry : 123456 with balance 1301500
2019-09-18 13:24:00,679 INFO projek.client.controller.ActionController [main] Build ISO Message for Purchase Inquiry PLN
2019-09-18 13:24:00,680 INFO projek.client.controller.ActionController [main] Try Post data to Server http://localhost:8086/account/123456/purchase_inquiry/PLN
2019-09-18 13:24:00,731 INFO projek.client.controller.ActionController [http-nio-8086-exec-1] Payment Inquiry PLN : 123456 trying transfer to 09828272 amount 000000020000
2019-09-18 13:24:04,893 INFO projek.client.controller.ActionController [main] Build ISO Message for Purchase Inquiry PLN
2019-09-18 13:24:04,896 INFO projek.client.controller.ActionController [main] Try Post data to Server http://localhost:8086/account/123456/purchase_inquiry/PLN
2019-09-18 13:24:04,992 INFO projek.client.controller.ActionController [http-nio-8086-exec-3] Payment Inquiry PLN : 123456 trying transfer to 09828272 amount 000000020000
2019-09-18 13:24:05,054 INFO projek.client.controller.ActionController [http-nio-8086-exec-10] Payment Inquiry PLN : 123456 trying transfer to 09828272 amount 000000020000
2019-09-18 13:24:05,065 INFO projek.client.controller.ActionController [main] Build ISO Message for Purchase PLN
2019-09-18 13:24:05,066 INFO projek.client.controller.ActionController [main] Try Post data to Server http://localhost:8086/account/123456/purchase/PLN
2019-09-18 13:24:05,236 INFO projek.client.controller.ActionController [http-nio-8086-exec-1] Payment PLN : 123456 trying transfer to 09828272 amount 000000020000
2019-09-18 13:24:22,403 INFO projek.client.controller.ActionController [main] Build ISO Message for Payment Inquiry PDAM
2019-09-18 13:24:22,404 INFO projek.client.controller.ActionController [main] Try Post data to Server http://localhost:8086/account/123456/payment_inquiry/PAM
2019-09-18 13:24:22,452 INFO projek.client.controller.ActionController [http-nio-8086-exec-5] Payment Inquiry PDAM : 123456 trying transfer to 09887766 amount 000000010000
2019-09-18 13:24:27,714 INFO projek.client.controller.ActionController [main] Build ISO Message for Payment Inquiry PDAM
2019-09-18 13:24:27,715 INFO projek.client.controller.ActionController [main] Try Post data to Server http://localhost:8086/account/123456/payment_inquiry/PAM
2019-09-18 13:24:27,776 INFO projek.client.controller.ActionController [http-nio-8086-exec-3] Payment Inquiry PDAM : 123456 trying transfer to 09887766 amount 000000010000
2019-09-18 13:24:27,814 INFO projek.client.controller.ActionController [http-nio-8086-exec-10] Payment Inquiry PDAM : 123456 trying transfer to 09887766 amount 000000010000
2019-09-18 13:24:27,823 INFO projek.client.controller.ActionController [main] Build ISO Message for Payment PDAM
2019-09-18 13:24:27,824 INFO projek.client.controller.ActionController [main] Try Post data to Server http://localhost:8086/account/123456/payment/PAM
2019-09-18 13:24:27,869 INFO projek.client.controller.ActionController [http-nio-8086-exec-1] Payment PDAM : 123456 trying transfer to 09887766 amount 000000010000
2019-09-18 13:25:00,034 INFO projek.client.controller.ActionController [main] Build ISO Message for Transfer Inquiry Same bank
2019-09-18 13:25:00,036 INFO projek.client.controller.ActionController [main] Try Post data to Server http://localhost:8086/account/123456/transfer_inquiry
2019-09-18 13:25:00,068 INFO projek.client.controller.ActionController [http-nio-8086-exec-4] Transfer Inquiry : 123456 trying transfer to 1234567 amount 000000020000
2019-09-18 13:25:00,106 INFO projek.client.controller.ActionController [http-nio-8086-exec-7] Transfer Inquiry : 123456 trying transfer to 1234567 amount 000000020000
2019-09-18 13:25:05,619 INFO projek.client.controller.ActionController [main] Build ISO Message for Transfer Inquiry Same bank
2019-09-18 13:25:05,621 INFO projek.client.controller.ActionController [main] Try Post data to Server http://localhost:8086/account/123456/transfer_inquiry
2019-09-18 13:25:05,681 INFO projek.client.controller.ActionController [http-nio-8086-exec-8] Transfer Inquiry : 123456 trying transfer to 1234567 amount 000000020000
2019-09-18 13:25:05,759 INFO projek.client.controller.ActionController [http-nio-8086-exec-5] Transfer Inquiry : 123456 trying transfer to 1234567 amount 000000020000
2019-09-18 13:25:05,768 INFO projek.client.controller.ActionController [main] Build ISO Message for Transfer Same bank
2019-09-18 13:25:05,769 INFO projek.client.controller.ActionController [main] Try Post data to Server http://localhost:8086/account/123456/transfer
2019-09-18 13:25:05,813 INFO projek.client.controller.ActionController [http-nio-8086-exec-6] Transfer Response : 123456 trying transfer to 1234567 amount 000000020000
2019-09-18 13:25:40,553 INFO projek.client.controller.ActionController [main] Build ISO Message for Transfer Switching
2019-09-18 13:25:40,557 INFO projek.client.controller.ActionController [main] Try Post data to Server http://localhost:8089/switching/account/123456/transfer_inquiry
2019-09-18 13:25:40,770 INFO projek.client.controller.ActionController [main] Build ISO Message for Transfer Switching
2019-09-18 13:25:40,772 INFO projek.client.controller.ActionController [main] Try Post data to Server http://localhost:8089/switching/account/123456/transfer_inquiry
2019-09-18 13:25:49,053 INFO projek.client.controller.ActionController [main] Try Post data to Server http://localhost:8089/switching/account/123456/transfer
2019-09-18 13:25:49,121 INFO projek.client.controller.ActionController [main] Try to set Issuer Amount 
2019-09-18 13:46:51,291 INFO projek.client.controller.ActionController [main] Build ISO Message for Cash Withdrawal
2019-09-18 13:46:51,359 ERROR org.apache.catalina.core.ContainerBase.[Tomcat].[localhost].[/].[dispatcherServlet] [http-nio-8086-exec-1] Servlet.service() for servlet [dispatcherServlet] in context with path [] threw exception [Request processing failed; nested exception is java.lang.NumberFormatException: For input string: "00000-100000"] with root cause
java.lang.NumberFormatException: For input string: "00000-100000"
	at java.base/java.lang.NumberFormatException.forInputString(NumberFormatException.java:68)
	at java.base/java.lang.Integer.parseInt(Integer.java:658)
	at java.base/java.lang.Integer.parseInt(Integer.java:776)
	at projek.server.controller.ResponseController.getCashWithdrawalResponse(ResponseController.java:65)
	at projek.server.controller.PageController.cashWithdrawal(PageController.java:47)
	at java.base/jdk.internal.reflect.NativeMethodAccessorImpl.invoke0(Native Method)
	at java.base/jdk.internal.reflect.NativeMethodAccessorImpl.invoke(NativeMethodAccessorImpl.java:62)
	at java.base/jdk.internal.reflect.DelegatingMethodAccessorImpl.invoke(DelegatingMethodAccessorImpl.java:43)
	at java.base/java.lang.reflect.Method.invoke(Method.java:567)
	at org.springframework.web.method.support.InvocableHandlerMethod.doInvoke(InvocableHandlerMethod.java:209)
	at org.springframework.web.method.support.InvocableHandlerMethod.invokeForRequest(InvocableHandlerMethod.java:136)
	at org.springframework.web.servlet.mvc.method.annotation.ServletInvocableHandlerMethod.invokeAndHandle(ServletInvocableHandlerMethod.java:102)
	at org.springframework.web.servlet.mvc.method.annotation.RequestMappingHandlerAdapter.invokeHandlerMethod(RequestMappingHandlerAdapter.java:891)
	at org.springframework.web.servlet.mvc.method.annotation.RequestMappingHandlerAdapter.handleInternal(RequestMappingHandlerAdapter.java:797)
	at org.springframework.web.servlet.mvc.method.AbstractHandlerMethodAdapter.handle(AbstractHandlerMethodAdapter.java:87)
	at org.springframework.web.servlet.DispatcherServlet.doDispatch(DispatcherServlet.java:991)
	at org.springframework.web.servlet.DispatcherServlet.doService(DispatcherServlet.java:925)
	at org.springframework.web.servlet.FrameworkServlet.processRequest(FrameworkServlet.java:974)
	at org.springframework.web.servlet.FrameworkServlet.doPost(FrameworkServlet.java:877)
	at javax.servlet.http.HttpServlet.service(HttpServlet.java:661)
	at org.springframework.web.servlet.FrameworkServlet.service(FrameworkServlet.java:851)
	at javax.servlet.http.HttpServlet.service(HttpServlet.java:742)
	at org.apache.catalina.core.ApplicationFilterChain.internalDoFilter(ApplicationFilterChain.java:231)
	at org.apache.catalina.core.ApplicationFilterChain.doFilter(ApplicationFilterChain.java:166)
	at org.apache.tomcat.websocket.server.WsFilter.doFilter(WsFilter.java:52)
	at org.apache.catalina.core.ApplicationFilterChain.internalDoFilter(ApplicationFilterChain.java:193)
	at org.apache.catalina.core.ApplicationFilterChain.doFilter(ApplicationFilterChain.java:166)
	at org.springframework.web.filter.RequestContextFilter.doFilterInternal(RequestContextFilter.java:99)
	at org.springframework.web.filter.OncePerRequestFilter.doFilter(OncePerRequestFilter.java:107)
	at org.apache.catalina.core.ApplicationFilterChain.internalDoFilter(ApplicationFilterChain.java:193)
	at org.apache.catalina.core.ApplicationFilterChain.doFilter(ApplicationFilterChain.java:166)
	at org.springframework.web.filter.HttpPutFormContentFilter.doFilterInternal(HttpPutFormContentFilter.java:109)
	at org.springframework.web.filter.OncePerRequestFilter.doFilter(OncePerRequestFilter.java:107)
	at org.apache.catalina.core.ApplicationFilterChain.internalDoFilter(ApplicationFilterChain.java:193)
	at org.apache.catalina.core.ApplicationFilterChain.doFilter(ApplicationFilterChain.java:166)
	at org.springframework.web.filter.HiddenHttpMethodFilter.doFilterInternal(HiddenHttpMethodFilter.java:93)
	at org.springframework.web.filter.OncePerRequestFilter.doFilter(OncePerRequestFilter.java:107)
	at org.apache.catalina.core.ApplicationFilterChain.internalDoFilter(ApplicationFilterChain.java:193)
	at org.apache.catalina.core.ApplicationFilterChain.doFilter(ApplicationFilterChain.java:166)
	at org.springframework.web.filter.CharacterEncodingFilter.doFilterInternal(CharacterEncodingFilter.java:200)
	at org.springframework.web.filter.OncePerRequestFilter.doFilter(OncePerRequestFilter.java:107)
	at org.apache.catalina.core.ApplicationFilterChain.internalDoFilter(ApplicationFilterChain.java:193)
	at org.apache.catalina.core.ApplicationFilterChain.doFilter(ApplicationFilterChain.java:166)
	at org.apache.catalina.core.StandardWrapperValve.invoke(StandardWrapperValve.java:198)
	at org.apache.catalina.core.StandardContextValve.invoke(StandardContextValve.java:96)
	at org.apache.catalina.authenticator.AuthenticatorBase.invoke(AuthenticatorBase.java:493)
	at org.apache.catalina.core.StandardHostValve.invoke(StandardHostValve.java:140)
	at org.apache.catalina.valves.ErrorReportValve.invoke(ErrorReportValve.java:81)
	at org.apache.catalina.core.StandardEngineValve.invoke(StandardEngineValve.java:87)
	at org.apache.catalina.connector.CoyoteAdapter.service(CoyoteAdapter.java:342)
	at org.apache.coyote.http11.Http11Processor.service(Http11Processor.java:800)
	at org.apache.coyote.AbstractProcessorLight.process(AbstractProcessorLight.java:66)
	at org.apache.coyote.AbstractProtocol$ConnectionHandler.process(AbstractProtocol.java:806)
	at org.apache.tomcat.util.net.NioEndpoint$SocketProcessor.doRun(NioEndpoint.java:1498)
	at org.apache.tomcat.util.net.SocketProcessorBase.run(SocketProcessorBase.java:49)
	at java.base/java.util.concurrent.ThreadPoolExecutor.runWorker(ThreadPoolExecutor.java:1128)
	at java.base/java.util.concurrent.ThreadPoolExecutor$Worker.run(ThreadPoolExecutor.java:628)
	at org.apache.tomcat.util.threads.TaskThread$WrappingRunnable.run(TaskThread.java:61)
	at java.base/java.lang.Thread.run(Thread.java:835)
